C:\Program Files (x86)\Microsoft Visual Studio\2017\Community\Common7\IDE\VC\VCTargets\Microsoft.CppBuild.targets(387,5): warning MSB8028: The intermediate directory (Debug\) contains files shared from another project (Project1.vcxproj).  This can lead to incorrect clean and rebuild behavior.
  Battle.cpp
c:\users\marcus\source\repos\dungeon crawl\project1\battle.cpp(67): warning C4244: 'argument': conversion from 'time_t' to 'unsigned int', possible loss of data
c:\users\marcus\source\repos\dungeon crawl\project1\battle.cpp(78): warning C4244: '=': conversion from 'double' to 'int', possible loss of data
c:\users\marcus\source\repos\dungeon crawl\project1\battle.cpp(81): warning C4244: '+=': conversion from 'double' to 'int', possible loss of data
c:\users\marcus\source\repos\dungeon crawl\project1\battle.cpp(92): warning C4244: '*=': conversion from 'double' to 'int', possible loss of data
c:\users\marcus\source\repos\dungeon crawl\project1\battle.cpp(93): warning C4244: '=': conversion from 'double' to 'int', possible loss of data
c:\users\marcus\source\repos\dungeon crawl\project1\battle.cpp(331): warning C4244: '=': conversion from 'double' to 'int', possible loss of data
c:\users\marcus\source\repos\dungeon crawl\project1\battle.cpp(337): warning C4244: '=': conversion from 'double' to 'int', possible loss of data
c:\users\marcus\source\repos\dungeon crawl\project1\battle.cpp(398): warning C4244: '=': conversion from 'double' to 'int', possible loss of data
c:\users\marcus\source\repos\dungeon crawl\project1\battle.cpp(409): warning C4244: '*=': conversion from 'double' to 'int', possible loss of data
c:\users\marcus\source\repos\dungeon crawl\project1\battle.cpp(410): warning C4244: '=': conversion from 'double' to 'int', possible loss of data
c:\users\marcus\source\repos\dungeon crawl\project1\battle.cpp(423): warning C4244: '=': conversion from 'double' to 'int', possible loss of data
c:\users\marcus\source\repos\dungeon crawl\project1\battle.cpp(433): warning C4244: '*=': conversion from 'double' to 'int', possible loss of data
c:\users\marcus\source\repos\dungeon crawl\project1\battle.cpp(434): warning C4244: '=': conversion from 'double' to 'int', possible loss of data
c:\users\marcus\source\repos\dungeon crawl\project1\battle.cpp(161): warning C4715: 'Battle_system': not all control paths return a value
c:\users\marcus\source\repos\dungeon crawl\project1\battle.cpp(319): warning C4715: 'select_move': not all control paths return a value
c:\users\marcus\source\repos\dungeon crawl\project1\battle.cpp(416): warning C4715: 'Attack': not all control paths return a value
c:\users\marcus\source\repos\dungeon crawl\project1\battle.cpp(440): warning C4715: 'eAttack': not all control paths return a value
  Project1.vcxproj -> C:\Users\Marcus\source\repos\Dungeon crawl\Debug\Dungeon Crawl.exe
